{
  "RSpec": {
    "coverage": {
      "/home/sally/academy-chat-yak/app/helpers/application_helper.rb": [
        1,
        null
      ],
      "/home/sally/academy-chat-yak/app/models/message.rb": [
        1,
        1,
        1,
        1,
        null
      ],
      "/home/sally/academy-chat-yak/app/models/user.rb": [
        1,
        1,
        1,
        null
      ],
      "/home/sally/academy-chat-yak/app/controllers/home_controller.rb": [
        1,
        1,
        null,
        1,
        2,
        null,
        null
      ],
      "/home/sally/academy-chat-yak/app/controllers/application_controller.rb": [
        1,
        1,
        1,
        null,
        1,
        1,
        null,
        null,
        1,
        7,
        null,
        null
      ],
      "/home/sally/academy-chat-yak/app/controllers/sessions_controller.rb": [
        1,
        1,
        null,
        null,
        1,
        2,
        2,
        2,
        null,
        null,
        1,
        0,
        0,
        null,
        null
      ],
      "/home/sally/academy-chat-yak/app/controllers/api/messages_controller.rb": [
        1,
        1,
        null,
        1,
        2,
        null,
        null,
        1,
        1,
        1,
        1,
        null,
        null,
        null,
        null,
        null,
        null,
        null,
        1,
        null,
        1,
        1,
        null,
        null
      ]
    },
    "timestamp": 1434459272
  }
}
